app/build/outputs/logs/manifest-merger-debug-report.txt
-- Merging decision tree log ---
manifest
ADDED from src/main/AndroidManifest.xml:2:1-70:12
INJECTED from src/main/AndroidManifest.xml:2:1-70:12
INJECTED from src/main/AndroidManifest.xml:2:1-70:12
INJECTED from src/main/AndroidManifest.xml:2:1-70:12
MERGED from [com.romainpiel.shimmer:library:1.4.0] AndroidManifest.xml:2:1-13:12
MERGED from [com.facebook.android:facebook-android-sdk:4.41.0] AndroidManifest.xml:21:1-31:12
MERGED from [com.code-troopers.betterpickers:library:3.1.0] AndroidManifest.xml:2:1-12:12
MERGED from [com.borax12.materialdaterangepicker:library:1.9] AndroidManifest.xml:17:1-30:12
MERGED from [com.appyvet:materialrangebar:1.3] AndroidManifest.xml:2:1-11:12
MERGED from [jp.wasabeef:glide-transformations:2.0.2] AndroidManifest.xml:2:1-12:12
MERGED from [jp.co.cyberagent.android.gpuimage:gpuimage-library:1.4.1] AndroidManifest.xml:2:1-12:12
MERGED from [com.android.support.constraint:constraint-layout:2.0.0-alpha3] AndroidManifest.xml:2:1-11:12
MERGED from [com.android.support:recyclerview-v7:27.1.1] AndroidManifest.xml:17:1-22:12
MERGED from [com.github.JakeWharton:ViewPagerIndicator:2.4.1] AndroidManifest.xml:2:1-11:12
MERGED from [com.facebook.android:facebook-login:4.41.0] AndroidManifest.xml:21:1-31:12
MERGED from [com.facebook.android:facebook-share:4.41.0] AndroidManifest.xml:21:1-31:12
MERGED from [com.facebook.android:facebook-common:4.41.0] AndroidManifest.xml:21:1-37:12
MERGED from [com.facebook.android:facebook-places:4.41.0] AndroidManifest.xml:21:1-31:12
MERGED from [com.facebook.android:facebook-applinks:4.41.0] AndroidManifest.xml:21:1-31:12
MERGED from [com.facebook.android:facebook-messenger:4.41.0] AndroidManifest.xml:21:1-31:12
MERGED from [com.facebook.android:facebook-marketing:4.41.0] AndroidManifest.xml:21:1-35:12
MERGED from [com.facebook.android:facebook-core:4.41.0] AndroidManifest.xml:21:1-53:12
MERGED from [com.android.support:appcompat-v7:27.1.1] AndroidManifest.xml:17:1-22:12
MERGED from [com.android.support:support-v4:27.0.2] AndroidManifest.xml:17:1-22:12
MERGED from [com.android.support:cardview-v7:27.0.2] AndroidManifest.xml:17:1-22:12
MERGED from [com.android.support:customtabs:27.0.2] AndroidManifest.xml:17:1-22:12
MERGED from [com.android.support:support-fragment:27.1.1] AndroidManifest.xml:17:1-22:12
MERGED from [com.android.support:animated-vector-drawable:27.1.1] AndroidManifest.xml:17:1-22:12
MERGED from [com.android.support:support-core-ui:27.1.1] AndroidManifest.xml:17:1-22:12
MERGED from [com.android.support:support-core-utils:27.1.1] AndroidManifest.xml:17:1-22:12
MERGED from [com.android.support:support-vector-drawable:27.1.1] AndroidManifest.xml:17:1-22:12
MERGED from [com.android.support:support-media-compat:27.0.2] AndroidManifest.xml:17:1-22:12
MERGED from [com.android.support:support-compat:27.1.1] AndroidManifest.xml:17:1-22:12
MERGED from [android.arch.lifecycle:livedata-core:1.1.0] AndroidManifest.xml:17:1-22:12
MERGED from [android.arch.lifecycle:viewmodel:1.1.0] AndroidManifest.xml:17:1-22:12
MERGED from [android.arch.lifecycle:runtime:1.1.0] AndroidManifest.xml:17:1-22:12
MERGED from [android.arch.core:runtime:1.1.0] AndroidManifest.xml:17:1-22:12
INJECTED from src/main/AndroidManifest.xml:2:1-70:12
INJECTED from src/main/AndroidManifest.xml:2:1-70:12
INJECTED from src/main/AndroidManifest.xml:2:1-70:12
	package
		ADDED from src/main/AndroidManifest.xml:4:5-46
		INJECTED from src/main/AndroidManifest.xml
		INJECTED from src/main/AndroidManifest.xml
	android:versionName
		INJECTED from src/main/AndroidManifest.xml
		ADDED from src/main/AndroidManifest.xml:2:1-70:12
		INJECTED from src/main/AndroidManifest.xml
	xmlns:tools
		ADDED from src/main/AndroidManifest.xml:3:5-51
	android:versionCode
		INJECTED from src/main/AndroidManifest.xml
		ADDED from src/main/AndroidManifest.xml:2:1-70:12
		INJECTED from src/main/AndroidManifest.xml
	xmlns:android
		ADDED from src/main/AndroidManifest.xml:2:11-69
uses-permission#android.permission.ACCESS_WIFI_STATE
ADDED from src/main/AndroidManifest.xml:7:5-76
	android:name
		ADDED from src/main/AndroidManifest.xml:7:22-73
uses-permission#android.permission.INTERNET
ADDED from src/main/AndroidManifest.xml:8:5-67
	android:name
		ADDED from src/main/AndroidManifest.xml:8:22-64
uses-permission#android.permission.ACCESS_NETWORK_STATE
ADDED from src/main/AndroidManifest.xml:9:5-79
	android:name
		ADDED from src/main/AndroidManifest.xml:9:22-76
uses-permission#android.permission.WRITE_EXTERNAL_STORAGE
ADDED from src/main/AndroidManifest.xml:11:5-81
	android:name
		ADDED from src/main/AndroidManifest.xml:11:22-78
uses-permission#android.permission.CAMERA
ADDED from src/main/AndroidManifest.xml:13:5-65
	android:name
		ADDED from src/main/AndroidManifest.xml:13:22-62
application
ADDED from src/main/AndroidManifest.xml:16:5-68:19
MERGED from [com.romainpiel.shimmer:library:1.4.0] AndroidManifest.xml:11:5-20
MERGED from [com.romainpiel.shimmer:library:1.4.0] AndroidManifest.xml:11:5-20
MERGED from [com.facebook.android:facebook-android-sdk:4.41.0] AndroidManifest.xml:28:5-29:19
MERGED from [com.facebook.android:facebook-android-sdk:4.41.0] AndroidManifest.xml:28:5-29:19
MERGED from [com.borax12.materialdaterangepicker:library:1.9] AndroidManifest.xml:28:5-20
MERGED from [com.borax12.materialdaterangepicker:library:1.9] AndroidManifest.xml:28:5-20
MERGED from [com.android.support.constraint:constraint-layout:2.0.0-alpha3] AndroidManifest.xml:9:5-20
MERGED from [com.android.support.constraint:constraint-layout:2.0.0-alpha3] AndroidManifest.xml:9:5-20
MERGED from [com.facebook.android:facebook-login:4.41.0] AndroidManifest.xml:28:5-29:19
MERGED from [com.facebook.android:facebook-login:4.41.0] AndroidManifest.xml:28:5-29:19
MERGED from [com.facebook.android:facebook-share:4.41.0] AndroidManifest.xml:28:5-29:19
MERGED from [com.facebook.android:facebook-share:4.41.0] AndroidManifest.xml:28:5-29:19
MERGED from [com.facebook.android:facebook-common:4.41.0] AndroidManifest.xml:28:5-35:19
MERGED from [com.facebook.android:facebook-common:4.41.0] AndroidManifest.xml:28:5-35:19
MERGED from [com.facebook.android:facebook-places:4.41.0] AndroidManifest.xml:28:5-29:19
MERGED from [com.facebook.android:facebook-places:4.41.0] AndroidManifest.xml:28:5-29:19
MERGED from [com.facebook.android:facebook-applinks:4.41.0] AndroidManifest.xml:28:5-29:19
MERGED from [com.facebook.android:facebook-applinks:4.41.0] AndroidManifest.xml:28:5-29:19
MERGED from [com.facebook.android:facebook-messenger:4.41.0] AndroidManifest.xml:28:5-29:19
MERGED from [com.facebook.android:facebook-messenger:4.41.0] AndroidManifest.xml:28:5-29:19
MERGED from [com.facebook.android:facebook-marketing:4.41.0] AndroidManifest.xml:28:5-33:19
MERGED from [com.facebook.android:facebook-marketing:4.41.0] AndroidManifest.xml:28:5-33:19
MERGED from [com.facebook.android:facebook-core:4.41.0] AndroidManifest.xml:28:5-51:19
MERGED from [com.facebook.android:facebook-core:4.41.0] AndroidManifest.xml:28:5-51:19
	android:supportsRtl
		ADDED from src/main/AndroidManifest.xml:21:9-35
	android:label
		ADDED from src/main/AndroidManifest.xml:20:9-41
	android:hardwareAccelerated
		ADDED from src/main/AndroidManifest.xml:18:9-43
	android:icon
		ADDED from src/main/AndroidManifest.xml:19:9-43
	android:allowBackup
		ADDED from src/main/AndroidManifest.xml:17:9-35
	android:theme
		ADDED from src/main/AndroidManifest.xml:22:9-59
meta-data#com.facebook.sdk.ApplicationId
ADDED from src/main/AndroidManifest.xml:23:9-25:55
	android:value
		ADDED from src/main/AndroidManifest.xml:25:13-52
	android:name
		ADDED from src/main/AndroidManifest.xml:24:13-58
activity#com.teamnova.jaepark.travelmate.activities.MainActivity
ADDED from src/main/AndroidManifest.xml:27:9-33:20
	android:name
		ADDED from src/main/AndroidManifest.xml:27:19-58
intent-filter#action:name:android.intent.action.MAIN+category:name:android.intent.category.LAUNCHER
ADDED from src/main/AndroidManifest.xml:28:13-32:29
action#android.intent.action.MAIN
ADDED from src/main/AndroidManifest.xml:29:17-69
	android:name
		ADDED from src/main/AndroidManifest.xml:29:25-66
category#android.intent.category.LAUNCHER
ADDED from src/main/AndroidManifest.xml:31:17-77
	android:name
		ADDED from src/main/AndroidManifest.xml:31:27-74
activity#com.teamnova.jaepark.travelmate.activities.LoginActivity
ADDED from src/main/AndroidManifest.xml:34:9-62
	android:name
		ADDED from src/main/AndroidManifest.xml:34:19-59
activity#com.facebook.FacebookActivity
ADDED from src/main/AndroidManifest.xml:35:9-40:45
MERGED from [com.facebook.android:facebook-common:4.41.0] AndroidManifest.xml:29:9-32:66
MERGED from [com.facebook.android:facebook-common:4.41.0] AndroidManifest.xml:29:9-32:66
	android:label
		ADDED from src/main/AndroidManifest.xml:38:13-45
	android:configChanges
		ADDED from src/main/AndroidManifest.xml:37:13-96
	android:theme
		ADDED from src/main/AndroidManifest.xml:39:13-72
		REJECTED from [com.facebook.android:facebook-common:4.41.0] AndroidManifest.xml:32:13-63
	tools:replace
		ADDED from src/main/AndroidManifest.xml:40:13-42
	android:name
		ADDED from src/main/AndroidManifest.xml:36:13-57
activity#com.teamnova.jaepark.travelmate.activities.Signin.registerActivity
ADDED from src/main/AndroidManifest.xml:41:9-72
	android:name
		ADDED from src/main/AndroidManifest.xml:41:19-69
activity#com.teamnova.jaepark.travelmate.activities.Signin.TermsActivity
ADDED from src/main/AndroidManifest.xml:42:9-69
	android:name
		ADDED from src/main/AndroidManifest.xml:42:19-66
activity#com.teamnova.jaepark.travelmate.activities.MenuActivity
ADDED from src/main/AndroidManifest.xml:43:9-45:72
	android:theme
		ADDED from src/main/AndroidManifest.xml:45:13-69
	android:name
		ADDED from src/main/AndroidManifest.xml:44:13-52
activity#com.teamnova.jaepark.travelmate.activities.TravelMenu.CreateTravel
ADDED from src/main/AndroidManifest.xml:46:9-48:72
	android:theme
		ADDED from src/main/AndroidManifest.xml:48:13-69
	android:name
		ADDED from src/main/AndroidManifest.xml:47:13-63
provider#android.support.v4.content.FileProvider
ADDED from src/main/AndroidManifest.xml:50:9-58:20
	android:grantUriPermissions
		ADDED from src/main/AndroidManifest.xml:54:13-47
	android:authorities
		ADDED from src/main/AndroidManifest.xml:52:13-77
	android:exported
		ADDED from src/main/AndroidManifest.xml:53:13-37
	android:name
		ADDED from src/main/AndroidManifest.xml:51:13-67
meta-data#android.support.FILE_PROVIDER_PATHS
ADDED from src/main/AndroidManifest.xml:55:13-57:54
	android:resource
		ADDED from src/main/AndroidManifest.xml:57:17-51
	android:name
		ADDED from src/main/AndroidManifest.xml:56:17-67
activity#com.teamnova.jaepark.travelmate.activities.travelFilter.ConditionFilterActivity
ADDED from src/main/AndroidManifest.xml:60:9-85
	android:name
		ADDED from src/main/AndroidManifest.xml:60:19-82
activity#com.teamnova.jaepark.travelmate.activities.EditInfoActivity
ADDED from src/main/AndroidManifest.xml:61:9-65
	android:name
		ADDED from src/main/AndroidManifest.xml:61:19-62
activity#com.teamnova.jaepark.travelmate.activities.TravelMenu.TravelDetailActivity
ADDED from src/main/AndroidManifest.xml:62:9-80
	android:name
		ADDED from src/main/AndroidManifest.xml:62:19-77
activity#com.teamnova.jaepark.travelmate.activities.TravelMenu.EditTravel
ADDED from src/main/AndroidManifest.xml:63:9-65:72
	android:theme
		ADDED from src/main/AndroidManifest.xml:65:13-69
	android:name
		ADDED from src/main/AndroidManifest.xml:64:13-61
activity#com.teamnova.jaepark.travelmate.activities.Chat.ChatRoomActivity
ADDED from src/main/AndroidManifest.xml:67:9-79
	android:name
		ADDED from src/main/AndroidManifest.xml:67:19-67
uses-sdk
INJECTED from src/main/AndroidManifest.xml reason: use-sdk injection requested
INJECTED from src/main/AndroidManifest.xml
INJECTED from src/main/AndroidManifest.xml
MERGED from [com.romainpiel.shimmer:library:1.4.0] AndroidManifest.xml:7:5-9:41
MERGED from [com.romainpiel.shimmer:library:1.4.0] AndroidManifest.xml:7:5-9:41
MERGED from [com.facebook.android:facebook-android-sdk:4.41.0] AndroidManifest.xml:24:5-26:41
MERGED from [com.facebook.android:facebook-android-sdk:4.41.0] AndroidManifest.xml:24:5-26:41
MERGED from [com.code-troopers.betterpickers:library:3.1.0] AndroidManifest.xml:8:5-10:41
MERGED from [com.code-troopers.betterpickers:library:3.1.0] AndroidManifest.xml:8:5-10:41
MERGED from [com.borax12.materialdaterangepicker:library:1.9] AndroidManifest.xml:22:5-24:41
MERGED from [com.borax12.materialdaterangepicker:library:1.9] AndroidManifest.xml:22:5-24:41
MERGED from [com.appyvet:materialrangebar:1.3] AndroidManifest.xml:7:5-9:41
MERGED from [com.appyvet:materialrangebar:1.3] AndroidManifest.xml:7:5-9:41
MERGED from [jp.wasabeef:glide-transformations:2.0.2] AndroidManifest.xml:8:5-10:41
MERGED from [jp.wasabeef:glide-transformations:2.0.2] AndroidManifest.xml:8:5-10:41
MERGED from [jp.co.cyberagent.android.gpuimage:gpuimage-library:1.4.1] AndroidManifest.xml:8:5-10:41
MERGED from [jp.co.cyberagent.android.gpuimage:gpuimage-library:1.4.1] AndroidManifest.xml:8:5-10:41
MERGED from [com.android.support.constraint:constraint-layout:2.0.0-alpha3] AndroidManifest.xml:5:5-7:41
MERGED from [com.android.support.constraint:constraint-layout:2.0.0-alpha3] AndroidManifest.xml:5:5-7:41
MERGED from [com.android.support:recyclerview-v7:27.1.1] AndroidManifest.xml:20:5-44
MERGED from [com.android.support:recyclerview-v7:27.1.1] AndroidManifest.xml:20:5-44
MERGED from [com.github.JakeWharton:ViewPagerIndicator:2.4.1] AndroidManifest.xml:7:5-9:41
MERGED from [com.github.JakeWharton:ViewPagerIndicator:2.4.1] AndroidManifest.xml:7:5-9:41
MERGED from [com.facebook.android:facebook-login:4.41.0] AndroidManifest.xml:24:5-26:41
MERGED from [com.facebook.android:facebook-login:4.41.0] AndroidManifest.xml:24:5-26:41
MERGED from [com.facebook.android:facebook-share:4.41.0] AndroidManifest.xml:24:5-26:41
MERGED from [com.facebook.android:facebook-share:4.41.0] AndroidManifest.xml:24:5-26:41
MERGED from [com.facebook.android:facebook-common:4.41.0] AndroidManifest.xml:24:5-26:41
MERGED from [com.facebook.android:facebook-common:4.41.0] AndroidManifest.xml:24:5-26:41
MERGED from [com.facebook.android:facebook-places:4.41.0] AndroidManifest.xml:24:5-26:41
MERGED from [com.facebook.android:facebook-places:4.41.0] AndroidManifest.xml:24:5-26:41
MERGED from [com.facebook.android:facebook-applinks:4.41.0] AndroidManifest.xml:24:5-26:41
MERGED from [com.facebook.android:facebook-applinks:4.41.0] AndroidManifest.xml:24:5-26:41
MERGED from [com.facebook.android:facebook-messenger:4.41.0] AndroidManifest.xml:24:5-26:41
MERGED from [com.facebook.android:facebook-messenger:4.41.0] AndroidManifest.xml:24:5-26:41
MERGED from [com.facebook.android:facebook-marketing:4.41.0] AndroidManifest.xml:24:5-26:41
MERGED from [com.facebook.android:facebook-marketing:4.41.0] AndroidManifest.xml:24:5-26:41
MERGED from [com.facebook.android:facebook-core:4.41.0] AndroidManifest.xml:24:5-26:41
MERGED from [com.facebook.android:facebook-core:4.41.0] AndroidManifest.xml:24:5-26:41
MERGED from [com.android.support:appcompat-v7:27.1.1] AndroidManifest.xml:20:5-44
MERGED from [com.android.support:appcompat-v7:27.1.1] AndroidManifest.xml:20:5-44
MERGED from [com.android.support:support-v4:27.0.2] AndroidManifest.xml:20:5-44
MERGED from [com.android.support:support-v4:27.0.2] AndroidManifest.xml:20:5-44
MERGED from [com.android.support:cardview-v7:27.0.2] AndroidManifest.xml:20:5-44
MERGED from [com.android.support:cardview-v7:27.0.2] AndroidManifest.xml:20:5-44
MERGED from [com.android.support:customtabs:27.0.2] AndroidManifest.xml:20:5-44
MERGED from [com.android.support:customtabs:27.0.2] AndroidManifest.xml:20:5-44
MERGED from [com.android.support:support-fragment:27.1.1] AndroidManifest.xml:20:5-44
MERGED from [com.android.support:support-fragment:27.1.1] AndroidManifest.xml:20:5-44
MERGED from [com.android.support:animated-vector-drawable:27.1.1] AndroidManifest.xml:20:5-44
MERGED from [com.android.support:animated-vector-drawable:27.1.1] AndroidManifest.xml:20:5-44
MERGED from [com.android.support:support-core-ui:27.1.1] AndroidManifest.xml:20:5-44
MERGED from [com.android.support:support-core-ui:27.1.1] AndroidManifest.xml:20:5-44
MERGED from [com.android.support:support-core-utils:27.1.1] AndroidManifest.xml:20:5-44
MERGED from [com.android.support:support-core-utils:27.1.1] AndroidManifest.xml:20:5-44
MERGED from [com.android.support:support-vector-drawable:27.1.1] AndroidManifest.xml:20:5-44
MERGED from [com.android.support:support-vector-drawable:27.1.1] AndroidManifest.xml:20:5-44
MERGED from [com.android.support:support-media-compat:27.0.2] AndroidManifest.xml:20:5-44
MERGED from [com.android.support:support-media-compat:27.0.2] AndroidManifest.xml:20:5-44
MERGED from [com.android.support:support-compat:27.1.1] AndroidManifest.xml:20:5-44
MERGED from [com.android.support:support-compat:27.1.1] AndroidManifest.xml:20:5-44
MERGED from [android.arch.lifecycle:livedata-core:1.1.0] AndroidManifest.xml:20:5-44
MERGED from [android.arch.lifecycle:livedata-core:1.1.0] AndroidManifest.xml:20:5-44
MERGED from [android.arch.lifecycle:viewmodel:1.1.0] AndroidManifest.xml:20:5-44
MERGED from [android.arch.lifecycle:viewmodel:1.1.0] AndroidManifest.xml:20:5-44
MERGED from [android.arch.lifecycle:runtime:1.1.0] AndroidManifest.xml:20:5-44
MERGED from [android.arch.lifecycle:runtime:1.1.0] AndroidManifest.xml:20:5-44
MERGED from [android.arch.core:runtime:1.1.0] AndroidManifest.xml:20:5-44
MERGED from [android.arch.core:runtime:1.1.0] AndroidManifest.xml:20:5-44
INJECTED from src/main/AndroidManifest.xml
INJECTED from src/main/AndroidManifest.xml
	android:targetSdkVersion
		INJECTED from src/main/AndroidManifest.xml
		ADDED from src/main/AndroidManifest.xml
		INJECTED from src/main/AndroidManifest.xml
	android:minSdkVersion
		INJECTED from src/main/AndroidManifest.xml
		ADDED from src/main/AndroidManifest.xml
		INJECTED from src/main/AndroidManifest.xml
uses-permission#android.permission.VIBRATE
ADDED from [com.borax12.materialdaterangepicker:library:1.9] AndroidManifest.xml:26:5-66
	android:name
		ADDED from [com.borax12.materialdaterangepicker:library:1.9] AndroidManifest.xml:26:22-63
activity#com.facebook.CustomTabMainActivity
ADDED from [com.facebook.android:facebook-common:4.41.0] AndroidManifest.xml:33:9-71
	android:name
		ADDED from [com.facebook.android:facebook-common:4.41.0] AndroidManifest.xml:33:19-68
activity#com.facebook.CustomTabActivity
ADDED from [com.facebook.android:facebook-common:4.41.0] AndroidManifest.xml:34:9-67
	android:name
		ADDED from [com.facebook.android:facebook-common:4.41.0] AndroidManifest.xml:34:19-64
provider#com.facebook.marketing.internal.MarketingInitProvider
ADDED from [com.facebook.android:facebook-marketing:4.41.0] AndroidManifest.xml:29:9-32:40
	android:authorities
		ADDED from [com.facebook.android:facebook-marketing:4.41.0] AndroidManifest.xml:31:13-73
	android:exported
		ADDED from [com.facebook.android:facebook-marketing:4.41.0] AndroidManifest.xml:32:13-37
	android:name
		ADDED from [com.facebook.android:facebook-marketing:4.41.0] AndroidManifest.xml:30:13-81
provider#com.facebook.internal.FacebookInitProvider
ADDED from [com.facebook.android:facebook-core:4.41.0] AndroidManifest.xml:39:9-42:40
	android:authorities
		ADDED from [com.facebook.android:facebook-core:4.41.0] AndroidManifest.xml:41:13-72
	android:exported
		ADDED from [com.facebook.android:facebook-core:4.41.0] AndroidManifest.xml:42:13-37
	android:name
		ADDED from [com.facebook.android:facebook-core:4.41.0] AndroidManifest.xml:40:13-70
receiver#com.facebook.CurrentAccessTokenExpirationBroadcastReceiver
ADDED from [com.facebook.android:facebook-core:4.41.0] AndroidManifest.xml:44:9-50:20
	android:exported
		ADDED from [com.facebook.android:facebook-core:4.41.0] AndroidManifest.xml:46:13-37
	android:name
		ADDED from [com.facebook.android:facebook-core:4.41.0] AndroidManifest.xml:45:13-86
intent-filter#action:name:com.facebook.sdk.ACTION_CURRENT_ACCESS_TOKEN_CHANGED
ADDED from [com.facebook.android:facebook-core:4.41.0] AndroidManifest.xml:47:13-49:29
action#com.facebook.sdk.ACTION_CURRENT_ACCESS_TOKEN_CHANGED
ADDED from [com.facebook.android:facebook-core:4.41.0] AndroidManifest.xml:48:17-95
	android:name
		ADDED from [com.facebook.android:facebook-core:4.41.0] AndroidManifest.xml:48:25-92